ERROR:json file not valid: some statemachines are missing ...
2024-01-30 12:17:19,760:config.Pump:Error reading pump!!!
2024-01-30 12:17:19,761:config.Pump:exception happened in pump!!
2024-01-30 12:17:22,763:config.Pump:Error reading pump!!!
2024-01-30 12:17:22,764:config.Pump:exception happened in pump!!
2024-01-30 12:17:25,766:config.Pump:Error reading pump!!!
2024-01-30 12:17:25,767:config.Pump:exception happened in pump!!
2024-01-30 12:17:28,864:config.Pump:Error reading pump!!!
2024-01-30 12:17:28,864:config.Pump:exception happened in pump!!
2024-01-30 12:38:35,850:config.Pump:Error reading pump!!!
2024-01-30 12:38:35,850:config.Pump:exception happened in pump!!
2024-01-30 12:38:38,852:config.Pump:Error reading pump!!!
2024-01-30 12:38:38,855:config.Pump:exception happened in pump!!
2024-01-30 12:38:41,857:config.Pump:Error reading pump!!!
2024-01-30 12:38:41,858:config.Pump:exception happened in pump!!
2024-01-30 12:38:44,938:config.Pump:Error reading pump!!!
2024-01-30 12:38:44,939:config.Pump:exception happened in pump!!
2024-01-31 12:46:43,668:config.Pump:Error reading pump!!!
2024-01-31 12:46:43,673:config.Pump:exception happened in pump!!
2024-01-31 12:46:47,175:config.Pump:Error reading pump!!!
2024-01-31 12:46:47,175:config.Pump:exception happened in pump!!
2024-01-31 12:46:50,677:config.Pump:Error reading pump!!!
2024-01-31 12:46:50,677:config.Pump:exception happened in pump!!
2024-01-31 12:46:55,774:config.Pump:Error reading pump!!!
2024-01-31 12:46:55,776:config.Pump:exception happened in pump!!
2024-01-31 12:50:00,626:config.Pump:Error reading pump!!!
2024-01-31 12:50:00,626:config.Pump:exception happened in pump!!
2024-01-31 12:50:04,129:config.Pump:Error reading pump!!!
2024-01-31 12:50:04,129:config.Pump:exception happened in pump!!
2024-01-31 12:50:07,631:config.Pump:Error reading pump!!!
2024-01-31 12:50:07,632:config.Pump:exception happened in pump!!
2024-01-31 12:50:12,715:config.Pump:Error reading pump!!!
2024-01-31 12:50:12,715:config.Pump:exception happened in pump!!
2024-01-31 12:52:23,931:config.Pump:Error reading pump!!!
2024-01-31 12:52:23,932:config.Pump:exception happened in pump!!
2024-01-31 12:52:27,435:config.Pump:Error reading pump!!!
2024-01-31 12:52:27,435:config.Pump:exception happened in pump!!
2024-01-31 12:52:30,936:config.Pump:Error reading pump!!!
2024-01-31 12:52:30,937:config.Pump:exception happened in pump!!
2024-01-31 12:52:36,021:config.Pump:Error reading pump!!!
2024-01-31 12:52:36,021:config.Pump:exception happened in pump!!
2024-01-31 13:04:19,446:config.Pump:Error reading pump!!!
2024-01-31 13:04:19,447:config.Pump:exception happened in pump!!
2024-01-31 13:04:22,949:config.Pump:Error reading pump!!!
2024-01-31 13:04:22,950:config.Pump:exception happened in pump!!
2024-01-31 13:04:26,452:config.Pump:Error reading pump!!!
2024-01-31 13:04:26,452:config.Pump:exception happened in pump!!
2024-01-31 13:04:31,534:config.Pump:Error reading pump!!!
2024-01-31 13:04:31,535:config.Pump:exception happened in pump!!
2024-01-31 13:04:47,300:config.Pump:Error reading pump!!!
2024-01-31 13:04:47,300:config.Pump:exception happened in pump!!
2024-01-31 13:04:50,801:config.Pump:Error reading pump!!!
2024-01-31 13:04:50,802:config.Pump:exception happened in pump!!
2024-01-31 13:04:54,304:config.Pump:Error reading pump!!!
2024-01-31 13:04:54,305:config.Pump:exception happened in pump!!
2024-01-31 13:04:59,389:config.Pump:Error reading pump!!!
2024-01-31 13:04:59,390:config.Pump:exception happened in pump!!
2024-01-31 13:07:59,984:config.Pump:Error reading pump!!!
2024-01-31 13:07:59,984:config.Pump:exception happened in pump!!
2024-01-31 13:08:03,486:config.Pump:Error reading pump!!!
2024-01-31 13:08:03,486:config.Pump:exception happened in pump!!
2024-01-31 13:08:06,989:config.Pump:Error reading pump!!!
2024-01-31 13:08:06,990:config.Pump:exception happened in pump!!
2024-01-31 13:08:12,087:config.Pump:Error reading pump!!!
2024-01-31 13:08:12,088:config.Pump:exception happened in pump!!
2024-01-31 13:08:27,852:config.Pump:Error reading pump!!!
2024-01-31 13:08:27,853:config.Pump:exception happened in pump!!
2024-01-31 13:08:31,356:config.Pump:Error reading pump!!!
2024-01-31 13:08:31,357:config.Pump:exception happened in pump!!
2024-01-31 13:08:34,859:config.Pump:Error reading pump!!!
2024-01-31 13:08:34,860:config.Pump:exception happened in pump!!
2024-01-31 13:08:39,955:config.Pump:Error reading pump!!!
2024-01-31 13:08:39,956:config.Pump:exception happened in pump!!
2024-01-31 13:11:20,621:config.Pump:Error reading pump!!!
2024-01-31 13:11:20,623:config.Pump:exception happened in pump!!
2024-01-31 13:11:24,124:config.Pump:Error reading pump!!!
2024-01-31 13:11:24,125:config.Pump:exception happened in pump!!
2024-01-31 13:11:27,628:config.Pump:Error reading pump!!!
2024-01-31 13:11:27,629:config.Pump:exception happened in pump!!
2024-01-31 13:11:32,726:config.Pump:Error reading pump!!!
2024-01-31 13:11:32,727:config.Pump:exception happened in pump!!
2024-01-31 13:11:48,492:config.Pump:Error reading pump!!!
2024-01-31 13:11:48,492:config.Pump:exception happened in pump!!
2024-01-31 13:11:51,994:config.Pump:Error reading pump!!!
2024-01-31 13:11:51,994:config.Pump:exception happened in pump!!
2024-01-31 13:11:55,496:config.Pump:Error reading pump!!!
2024-01-31 13:11:55,497:config.Pump:exception happened in pump!!
2024-01-31 13:12:00,580:config.Pump:Error reading pump!!!
2024-01-31 13:12:00,580:config.Pump:exception happened in pump!!
2024-01-31 13:12:26,625:config.Pump:Error reading pump!!!
2024-01-31 13:12:26,626:config.Pump:exception happened in pump!!
2024-01-31 13:12:30,128:config.Pump:Error reading pump!!!
2024-01-31 13:12:30,129:config.Pump:exception happened in pump!!
2024-01-31 13:12:33,632:config.Pump:Error reading pump!!!
2024-01-31 13:12:33,633:config.Pump:exception happened in pump!!
2024-01-31 13:12:38,731:config.Pump:Error reading pump!!!
2024-01-31 13:12:38,731:config.Pump:exception happened in pump!!
2024-01-31 13:12:54,480:config.Pump:Error reading pump!!!
2024-01-31 13:12:54,480:config.Pump:exception happened in pump!!
2024-01-31 13:12:57,984:config.Pump:Error reading pump!!!
2024-01-31 13:12:57,984:config.Pump:exception happened in pump!!
2024-01-31 13:13:01,486:config.Pump:Error reading pump!!!
2024-01-31 13:13:01,486:config.Pump:exception happened in pump!!
2024-01-31 13:13:06,583:config.Pump:Error reading pump!!!
2024-01-31 13:13:06,583:config.Pump:exception happened in pump!!
2024-01-31 13:16:11,424:config.Pump:Error reading pump!!!
2024-01-31 13:16:11,426:config.Pump:exception happened in pump!!
2024-01-31 13:16:14,928:config.Pump:Error reading pump!!!
2024-01-31 13:16:14,929:config.Pump:exception happened in pump!!
2024-01-31 13:16:18,432:config.Pump:Error reading pump!!!
2024-01-31 13:16:18,433:config.Pump:exception happened in pump!!
2024-01-31 13:16:23,527:config.Pump:Error reading pump!!!
2024-01-31 13:16:23,527:config.Pump:exception happened in pump!!
2024-01-31 13:16:39,309:config.Pump:Error reading pump!!!
2024-01-31 13:16:39,309:config.Pump:exception happened in pump!!
2024-01-31 13:16:42,810:config.Pump:Error reading pump!!!
2024-01-31 13:16:42,810:config.Pump:exception happened in pump!!
2024-01-31 13:16:46,312:config.Pump:Error reading pump!!!
2024-01-31 13:16:46,312:config.Pump:exception happened in pump!!
2024-01-31 13:16:51,396:config.Pump:Error reading pump!!!
2024-01-31 13:16:51,396:config.Pump:exception happened in pump!!
2024-01-31 14:08:03,615:config.Pump:Error reading pump!!!
2024-01-31 14:08:03,615:config.Pump:exception happened in pump!!
2024-01-31 14:08:07,116:config.Pump:Error reading pump!!!
2024-01-31 14:08:07,117:config.Pump:exception happened in pump!!
2024-01-31 14:08:10,619:config.Pump:Error reading pump!!!
2024-01-31 14:08:10,620:config.Pump:exception happened in pump!!
2024-01-31 14:08:15,702:config.Pump:Error reading pump!!!
2024-01-31 14:08:15,702:config.Pump:exception happened in pump!!
2024-01-31 14:08:31,483:config.Pump:Error reading pump!!!
2024-01-31 14:08:31,483:config.Pump:exception happened in pump!!
2024-01-31 14:08:34,986:config.Pump:Error reading pump!!!
2024-01-31 14:08:34,986:config.Pump:exception happened in pump!!
2024-01-31 14:08:38,489:config.Pump:Error reading pump!!!
2024-01-31 14:08:38,490:config.Pump:exception happened in pump!!
2024-01-31 14:08:43,573:config.Pump:Error reading pump!!!
2024-01-31 14:08:43,574:config.Pump:exception happened in pump!!
2024-01-31 14:10:27,388:config.Pump:Error reading pump!!!
2024-01-31 14:10:27,388:config.Pump:exception happened in pump!!
2024-01-31 14:10:30,891:config.Pump:Error reading pump!!!
2024-01-31 14:10:30,891:config.Pump:exception happened in pump!!
2024-01-31 14:10:34,394:config.Pump:Error reading pump!!!
2024-01-31 14:10:34,394:config.Pump:exception happened in pump!!
2024-01-31 14:10:39,478:config.Pump:Error reading pump!!!
2024-01-31 14:10:39,479:config.Pump:exception happened in pump!!
2024-01-31 14:10:55,242:config.Pump:Error reading pump!!!
2024-01-31 14:10:55,242:config.Pump:exception happened in pump!!
2024-01-31 14:10:58,745:config.Pump:Error reading pump!!!
2024-01-31 14:10:58,746:config.Pump:exception happened in pump!!
2024-01-31 14:11:02,249:config.Pump:Error reading pump!!!
2024-01-31 14:11:02,249:config.Pump:exception happened in pump!!
2024-01-31 14:11:07,330:config.Pump:Error reading pump!!!
2024-01-31 14:11:07,330:config.Pump:exception happened in pump!!
2024-01-31 14:17:41,621:config.Pump:Error reading pump!!!
2024-01-31 14:17:41,622:config.Pump:exception happened in pump!!
2024-01-31 14:17:45,125:config.Pump:Error reading pump!!!
2024-01-31 14:17:45,125:config.Pump:exception happened in pump!!
2024-01-31 14:17:48,627:config.Pump:Error reading pump!!!
2024-01-31 14:17:48,628:config.Pump:exception happened in pump!!
2024-01-31 14:17:53,726:config.Pump:Error reading pump!!!
2024-01-31 14:17:53,727:config.Pump:exception happened in pump!!
2024-01-31 14:18:09,475:config.Pump:Error reading pump!!!
2024-01-31 14:18:09,475:config.Pump:exception happened in pump!!
2024-01-31 14:18:12,978:config.Pump:Error reading pump!!!
2024-01-31 14:18:12,978:config.Pump:exception happened in pump!!
2024-01-31 14:18:16,481:config.Pump:Error reading pump!!!
2024-01-31 14:18:16,482:config.Pump:exception happened in pump!!
2024-01-31 14:18:21,562:config.Pump:Error reading pump!!!
2024-01-31 14:18:21,562:config.Pump:exception happened in pump!!
ERROR:	Commumication error! -1508444272
ERROR:	Commumication error! -552274032
ERROR:	Commumication error! 1308358544
ERROR:	Commumication error! 1543698320
ERROR:	Commumication error! 1065154448
ERROR:	Commumication error! -2060257392
ERROR:	Commumication error! -186321008
ERROR:	Commumication error! -1220675696
ERROR:	Commumication error! 587659152
ERROR:	Commumication error! 246085520
ERROR:	Commumication error! -409471088
2024-01-31 15:14:35,017:config.Pump:Error reading pump!!!
2024-01-31 15:14:35,018:config.Pump:exception happened in pump!!
2024-01-31 15:14:38,520:config.Pump:Error reading pump!!!
2024-01-31 15:14:38,521:config.Pump:exception happened in pump!!
2024-01-31 15:14:42,023:config.Pump:Error reading pump!!!
2024-01-31 15:14:42,023:config.Pump:exception happened in pump!!
2024-01-31 15:14:47,104:config.Pump:Error reading pump!!!
2024-01-31 15:14:47,105:config.Pump:exception happened in pump!!
2024-01-31 15:15:02,870:config.Pump:Error reading pump!!!
2024-01-31 15:15:02,870:config.Pump:exception happened in pump!!
2024-01-31 15:15:06,372:config.Pump:Error reading pump!!!
2024-01-31 15:15:06,373:config.Pump:exception happened in pump!!
2024-01-31 15:15:09,876:config.Pump:Error reading pump!!!
2024-01-31 15:15:09,877:config.Pump:exception happened in pump!!
2024-01-31 15:15:14,959:config.Pump:Error reading pump!!!
2024-01-31 15:15:14,960:config.Pump:exception happened in pump!!
2024-01-31 15:15:27,671:config.Pump:Error reading pump!!!
2024-01-31 15:15:27,672:config.Pump:exception happened in pump!!
2024-01-31 15:15:31,174:config.Pump:Error reading pump!!!
2024-01-31 15:15:31,175:config.Pump:exception happened in pump!!
2024-01-31 15:15:34,677:config.Pump:Error reading pump!!!
2024-01-31 15:15:34,678:config.Pump:exception happened in pump!!
2024-01-31 15:15:39,775:config.Pump:Error reading pump!!!
2024-01-31 15:15:39,776:config.Pump:exception happened in pump!!
2024-01-31 15:15:44,844:config.Pump:Error reading pump!!!
2024-01-31 15:15:44,845:config.Pump:exception happened in pump!!
2024-01-31 15:15:48,347:config.Pump:Error reading pump!!!
2024-01-31 15:15:48,348:config.Pump:exception happened in pump!!
2024-01-31 15:15:51,850:config.Pump:Error reading pump!!!
2024-01-31 15:15:51,850:config.Pump:exception happened in pump!!
2024-01-31 15:15:56,947:config.Pump:Error reading pump!!!
2024-01-31 15:15:56,948:config.Pump:exception happened in pump!!
2024-01-31 15:16:02,031:config.Pump:Error reading pump!!!
2024-01-31 15:16:02,031:config.Pump:exception happened in pump!!
2024-01-31 15:16:05,533:config.Pump:Error reading pump!!!
2024-01-31 15:16:05,534:config.Pump:exception happened in pump!!
2024-01-31 15:16:09,036:config.Pump:Error reading pump!!!
2024-01-31 15:16:09,037:config.Pump:exception happened in pump!!
2024-01-31 15:16:14,118:config.Pump:Error reading pump!!!
2024-01-31 15:16:14,119:config.Pump:exception happened in pump!!
2024-01-31 15:16:19,186:config.Pump:Error reading pump!!!
2024-01-31 15:16:19,187:config.Pump:exception happened in pump!!
2024-01-31 15:16:22,690:config.Pump:Error reading pump!!!
2024-01-31 15:16:22,691:config.Pump:exception happened in pump!!
2024-01-31 15:16:26,193:config.Pump:Error reading pump!!!
2024-01-31 15:16:26,194:config.Pump:exception happened in pump!!
2024-01-31 15:16:31,275:config.Pump:Error reading pump!!!
2024-01-31 15:16:31,276:config.Pump:exception happened in pump!!
2024-01-31 15:16:36,343:config.Pump:Error reading pump!!!
2024-01-31 15:16:36,343:config.Pump:exception happened in pump!!
2024-01-31 15:16:39,845:config.Pump:Error reading pump!!!
2024-01-31 15:16:39,845:config.Pump:exception happened in pump!!
2024-01-31 15:16:43,348:config.Pump:Error reading pump!!!
2024-01-31 15:16:43,349:config.Pump:exception happened in pump!!
2024-01-31 15:16:48,432:config.Pump:Error reading pump!!!
2024-01-31 15:16:48,434:config.Pump:exception happened in pump!!
2024-01-31 15:17:23,142:config.Pump:Error reading pump!!!
2024-01-31 15:17:23,142:config.Pump:exception happened in pump!!
2024-01-31 15:17:26,645:config.Pump:Error reading pump!!!
2024-01-31 15:17:26,645:config.Pump:exception happened in pump!!
2024-01-31 15:17:30,146:config.Pump:Error reading pump!!!
2024-01-31 15:17:30,146:config.Pump:exception happened in pump!!
2024-01-31 15:17:35,231:config.Pump:Error reading pump!!!
2024-01-31 15:17:35,232:config.Pump:exception happened in pump!!
2024-01-31 15:17:50,979:config.Pump:Error reading pump!!!
2024-01-31 15:17:50,980:config.Pump:exception happened in pump!!
2024-01-31 15:17:54,483:config.Pump:Error reading pump!!!
2024-01-31 15:17:54,483:config.Pump:exception happened in pump!!
2024-01-31 15:17:57,984:config.Pump:Error reading pump!!!
2024-01-31 15:17:57,985:config.Pump:exception happened in pump!!
2024-01-31 15:18:03,068:config.Pump:Error reading pump!!!
2024-01-31 15:18:03,068:config.Pump:exception happened in pump!!
2024-01-31 15:18:20,752:config.Pump:Error reading pump!!!
2024-01-31 15:18:20,752:config.Pump:exception happened in pump!!
2024-01-31 15:18:24,254:config.Pump:Error reading pump!!!
2024-01-31 15:18:24,254:config.Pump:exception happened in pump!!
2024-01-31 15:18:27,756:config.Pump:Error reading pump!!!
2024-01-31 15:18:27,756:config.Pump:exception happened in pump!!
2024-01-31 15:18:32,839:config.Pump:Error reading pump!!!
2024-01-31 15:18:32,839:config.Pump:exception happened in pump!!
2024-01-31 15:20:22,745:config.Pump:Error reading pump!!!
2024-01-31 15:20:22,746:config.Pump:exception happened in pump!!
2024-01-31 15:20:26,248:config.Pump:Error reading pump!!!
2024-01-31 15:20:26,248:config.Pump:exception happened in pump!!
2024-01-31 15:20:29,750:config.Pump:Error reading pump!!!
2024-01-31 15:20:29,751:config.Pump:exception happened in pump!!
2024-01-31 15:20:34,848:config.Pump:Error reading pump!!!
2024-01-31 15:20:34,848:config.Pump:exception happened in pump!!
2024-01-31 15:20:50,644:config.Pump:Error reading pump!!!
2024-01-31 15:20:50,644:config.Pump:exception happened in pump!!
2024-01-31 15:20:54,146:config.Pump:Error reading pump!!!
2024-01-31 15:20:54,147:config.Pump:exception happened in pump!!
2024-01-31 15:20:57,650:config.Pump:Error reading pump!!!
2024-01-31 15:20:57,651:config.Pump:exception happened in pump!!
2024-01-31 15:21:02,732:config.Pump:Error reading pump!!!
2024-01-31 15:21:02,732:config.Pump:exception happened in pump!!
2024-01-31 15:21:13,461:config.Pump:Error reading pump!!!
2024-01-31 15:21:13,462:config.Pump:exception happened in pump!!
2024-01-31 15:21:16,964:config.Pump:Error reading pump!!!
2024-01-31 15:21:16,965:config.Pump:exception happened in pump!!
2024-01-31 15:21:20,469:config.Pump:Error reading pump!!!
2024-01-31 15:21:20,470:config.Pump:exception happened in pump!!
2024-01-31 15:21:25,566:config.Pump:Error reading pump!!!
2024-01-31 15:21:25,567:config.Pump:exception happened in pump!!
2024-01-31 15:28:56,813:config.Pump:Error reading pump!!!
2024-01-31 15:28:56,813:config.Pump:exception happened in pump!!
2024-01-31 15:29:00,315:config.Pump:Error reading pump!!!
2024-01-31 15:29:00,316:config.Pump:exception happened in pump!!
2024-01-31 15:29:03,819:config.Pump:Error reading pump!!!
2024-01-31 15:29:03,820:config.Pump:exception happened in pump!!
2024-01-31 15:29:08,916:config.Pump:Error reading pump!!!
2024-01-31 15:29:08,917:config.Pump:exception happened in pump!!
2024-01-31 15:29:24,649:config.Pump:Error reading pump!!!
2024-01-31 15:29:24,650:config.Pump:exception happened in pump!!
2024-01-31 15:29:28,152:config.Pump:Error reading pump!!!
2024-01-31 15:29:28,152:config.Pump:exception happened in pump!!
2024-01-31 15:29:31,655:config.Pump:Error reading pump!!!
2024-01-31 15:29:31,655:config.Pump:exception happened in pump!!
2024-01-31 15:29:36,738:config.Pump:Error reading pump!!!
2024-01-31 15:29:36,738:config.Pump:exception happened in pump!!
2024-01-31 15:29:52,438:config.Pump:Error reading pump!!!
2024-01-31 15:29:52,439:config.Pump:exception happened in pump!!
2024-01-31 15:29:55,942:config.Pump:Error reading pump!!!
2024-01-31 15:29:55,943:config.Pump:exception happened in pump!!
2024-01-31 15:29:59,445:config.Pump:Error reading pump!!!
2024-01-31 15:29:59,446:config.Pump:exception happened in pump!!
2024-01-31 15:30:04,542:config.Pump:Error reading pump!!!
2024-01-31 15:30:04,542:config.Pump:exception happened in pump!!
2024-01-31 15:30:13,493:config.Pump:Error reading pump!!!
2024-01-31 15:30:13,493:config.Pump:exception happened in pump!!
2024-01-31 15:30:16,915:config.Pump:Error reading pump!!!
2024-01-31 15:30:16,916:config.Pump:exception happened in pump!!
2024-01-31 15:30:24,654:config.Pump:Error reading pump!!!
2024-01-31 15:30:24,654:config.Pump:exception happened in pump!!
2024-01-31 15:30:28,589:config.Pump:Error reading pump!!!
2024-01-31 15:30:28,589:config.Pump:exception happened in pump!!
2024-01-31 15:30:33,596:config.Pump:Error reading pump!!!
2024-01-31 15:30:33,597:config.Pump:exception happened in pump!!
2024-01-31 15:33:04,095:config.Pump:Error reading pump!!!
2024-01-31 15:33:04,095:config.Pump:exception happened in pump!!
2024-01-31 15:33:07,597:config.Pump:Error reading pump!!!
2024-01-31 15:33:07,597:config.Pump:exception happened in pump!!
2024-01-31 15:33:11,139:config.Pump:Error reading pump!!!
2024-01-31 15:33:11,139:config.Pump:exception happened in pump!!
2024-01-31 15:33:16,231:config.Pump:Error reading pump!!!
2024-01-31 15:33:16,231:config.Pump:exception happened in pump!!
2024-01-31 15:33:31,965:config.Pump:Error reading pump!!!
2024-01-31 15:33:31,965:config.Pump:exception happened in pump!!
2024-01-31 15:33:35,466:config.Pump:Error reading pump!!!
2024-01-31 15:33:35,467:config.Pump:exception happened in pump!!
2024-01-31 15:33:38,970:config.Pump:Error reading pump!!!
2024-01-31 15:33:38,970:config.Pump:exception happened in pump!!
2024-01-31 15:33:44,053:config.Pump:Error reading pump!!!
2024-01-31 15:33:44,053:config.Pump:exception happened in pump!!
2024-01-31 15:33:56,733:config.Pump:Error reading pump!!!
2024-01-31 15:33:56,733:config.Pump:exception happened in pump!!
2024-01-31 15:34:00,234:config.Pump:Error reading pump!!!
2024-01-31 15:34:00,235:config.Pump:exception happened in pump!!
2024-01-31 15:34:03,737:config.Pump:Error reading pump!!!
2024-01-31 15:34:03,737:config.Pump:exception happened in pump!!
2024-01-31 15:34:08,820:config.Pump:Error reading pump!!!
2024-01-31 15:34:08,820:config.Pump:exception happened in pump!!
2024-01-31 15:36:11,494:config.Pump:Error reading pump!!!
2024-01-31 15:36:11,494:config.Pump:exception happened in pump!!
2024-01-31 15:36:14,995:config.Pump:Error reading pump!!!
2024-01-31 15:36:14,996:config.Pump:exception happened in pump!!
2024-01-31 15:36:18,497:config.Pump:Error reading pump!!!
2024-01-31 15:36:18,497:config.Pump:exception happened in pump!!
2024-01-31 15:36:23,583:config.Pump:Error reading pump!!!
2024-01-31 15:36:23,583:config.Pump:exception happened in pump!!
2024-01-31 15:36:39,364:config.Pump:Error reading pump!!!
2024-01-31 15:36:39,364:config.Pump:exception happened in pump!!
2024-01-31 15:36:42,867:config.Pump:Error reading pump!!!
2024-01-31 15:36:42,867:config.Pump:exception happened in pump!!
2024-01-31 15:36:46,368:config.Pump:Error reading pump!!!
2024-01-31 15:36:46,369:config.Pump:exception happened in pump!!
2024-01-31 15:36:51,450:config.Pump:Error reading pump!!!
2024-01-31 15:36:51,452:config.Pump:exception happened in pump!!
2024-01-31 15:37:23,173:config.Pump:Error reading pump!!!
2024-01-31 15:37:23,174:config.Pump:exception happened in pump!!
2024-01-31 15:37:26,677:config.Pump:Error reading pump!!!
2024-01-31 15:37:26,677:config.Pump:exception happened in pump!!
2024-01-31 15:37:30,180:config.Pump:Error reading pump!!!
2024-01-31 15:37:30,181:config.Pump:exception happened in pump!!
2024-01-31 15:37:35,278:config.Pump:Error reading pump!!!
2024-01-31 15:37:35,279:config.Pump:exception happened in pump!!
2024-01-31 15:55:15,587:config.Pump:Error reading pump!!!
2024-01-31 15:55:15,589:config.Pump:exception happened in pump!!
2024-01-31 15:55:18,593:config.Pump:Error reading pump!!!
2024-01-31 15:55:18,593:config.Pump:exception happened in pump!!
2024-01-31 15:55:21,648:config.Pump:Error reading pump!!!
2024-01-31 15:55:21,649:config.Pump:exception happened in pump!!
2024-01-31 15:55:24,653:config.Pump:Error reading pump!!!
2024-01-31 15:55:24,654:config.Pump:exception happened in pump!!
2024-01-31 15:55:27,711:config.Pump:Error reading pump!!!
2024-01-31 15:55:27,711:config.Pump:exception happened in pump!!
2024-01-31 15:55:30,714:config.Pump:Error reading pump!!!
2024-01-31 15:55:30,715:config.Pump:exception happened in pump!!
2024-02-01 08:09:03,999:config.Pump:Error reading pump!!!
2024-02-01 08:09:04,000:config.Pump:exception happened in pump!!
2024-02-01 08:09:07,502:config.Pump:Error reading pump!!!
2024-02-01 08:09:07,502:config.Pump:exception happened in pump!!
2024-02-01 08:09:11,004:config.Pump:Error reading pump!!!
2024-02-01 08:09:11,005:config.Pump:exception happened in pump!!
2024-02-01 08:09:16,089:config.Pump:Error reading pump!!!
2024-02-01 08:09:16,090:config.Pump:exception happened in pump!!
2024-02-01 08:09:31,855:config.Pump:Error reading pump!!!
2024-02-01 08:09:31,856:config.Pump:exception happened in pump!!
2024-02-01 08:09:35,359:config.Pump:Error reading pump!!!
2024-02-01 08:09:35,359:config.Pump:exception happened in pump!!
2024-02-01 08:09:38,861:config.Pump:Error reading pump!!!
2024-02-01 08:09:38,861:config.Pump:exception happened in pump!!
2024-02-01 08:09:43,944:config.Pump:Error reading pump!!!
2024-02-01 08:09:43,945:config.Pump:exception happened in pump!!
2024-02-01 08:10:08,650:config.Pump:Error reading pump!!!
2024-02-01 08:10:08,651:config.Pump:exception happened in pump!!
2024-02-01 08:10:12,153:config.Pump:Error reading pump!!!
2024-02-01 08:10:12,153:config.Pump:exception happened in pump!!
2024-02-01 08:10:15,656:config.Pump:Error reading pump!!!
2024-02-01 08:10:15,656:config.Pump:exception happened in pump!!
2024-02-01 08:10:20,737:config.Pump:Error reading pump!!!
2024-02-01 08:10:20,737:config.Pump:exception happened in pump!!
2024-02-01 08:10:53,406:config.Pump:Error reading pump!!!
2024-02-01 08:10:53,407:config.Pump:exception happened in pump!!
2024-02-01 08:11:04,079:config.Pump:Error reading pump!!!
2024-02-01 08:11:04,080:config.Pump:exception happened in pump!!
2024-02-01 08:27:11,412:Lib.Pump:Error reading pump!!!
2024-02-01 08:27:11,413:Lib.Pump:exception happened in pump!!
2024-02-01 08:27:14,916:Lib.Pump:Error reading pump!!!
2024-02-01 08:27:14,917:Lib.Pump:exception happened in pump!!
2024-02-01 08:27:18,419:Lib.Pump:Error reading pump!!!
2024-02-01 08:27:18,420:Lib.Pump:exception happened in pump!!
2024-02-01 08:27:23,515:Lib.Pump:Error reading pump!!!
2024-02-01 08:27:23,516:Lib.Pump:exception happened in pump!!
2024-02-01 08:27:39,283:Lib.Pump:Error reading pump!!!
2024-02-01 08:27:39,284:Lib.Pump:exception happened in pump!!
2024-02-01 08:27:42,786:Lib.Pump:Error reading pump!!!
2024-02-01 08:27:42,786:Lib.Pump:exception happened in pump!!
2024-02-01 08:27:46,290:Lib.Pump:Error reading pump!!!
2024-02-01 08:27:46,290:Lib.Pump:exception happened in pump!!
2024-02-01 08:27:51,370:Lib.Pump:Error reading pump!!!
2024-02-01 08:27:51,370:Lib.Pump:exception happened in pump!!
2024-02-01 08:28:19,066:Lib.Pump:Error reading pump!!!
2024-02-01 08:28:19,066:Lib.Pump:exception happened in pump!!
2024-02-01 08:28:22,567:Lib.Pump:Error reading pump!!!
2024-02-01 08:28:22,567:Lib.Pump:exception happened in pump!!
2024-02-01 08:28:26,068:Lib.Pump:Error reading pump!!!
2024-02-01 08:28:26,069:Lib.Pump:exception happened in pump!!
2024-02-01 08:28:31,154:Lib.Pump:Error reading pump!!!
2024-02-01 08:28:31,155:Lib.Pump:exception happened in pump!!
2024-02-01 08:28:55,202:Lib.Pump:Error reading pump!!!
2024-02-01 08:28:55,202:Lib.Pump:exception happened in pump!!
2024-02-01 08:29:05,885:Lib.Pump:Error reading pump!!!
2024-02-01 08:29:05,886:Lib.Pump:exception happened in pump!!
ERROR:		cannot load setup
2024-02-01 10:32:24,233:Lib.Pump:Error reading pump!!!
2024-02-01 10:32:24,239:Lib.Pump:exception happened in pump!!
2024-02-01 10:32:27,741:Lib.Pump:Error reading pump!!!
2024-02-01 10:32:27,741:Lib.Pump:exception happened in pump!!
2024-02-01 10:32:31,242:Lib.Pump:Error reading pump!!!
2024-02-01 10:32:31,243:Lib.Pump:exception happened in pump!!
2024-02-01 10:32:36,339:Lib.Pump:Error reading pump!!!
2024-02-01 10:32:36,340:Lib.Pump:exception happened in pump!!
2024-02-01 10:32:52,120:Lib.Pump:Error reading pump!!!
2024-02-01 10:32:52,121:Lib.Pump:exception happened in pump!!
2024-02-01 10:32:55,623:Lib.Pump:Error reading pump!!!
2024-02-01 10:32:55,624:Lib.Pump:exception happened in pump!!
2024-02-01 10:32:59,127:Lib.Pump:Error reading pump!!!
2024-02-01 10:32:59,127:Lib.Pump:exception happened in pump!!
2024-02-01 10:33:04,208:Lib.Pump:Error reading pump!!!
2024-02-01 10:33:04,208:Lib.Pump:exception happened in pump!!
2024-02-01 10:34:18,979:Lib.Pump:Error reading pump!!!
2024-02-01 10:34:18,980:Lib.Pump:exception happened in pump!!
2024-02-01 10:34:22,484:Lib.Pump:Error reading pump!!!
2024-02-01 10:34:22,485:Lib.Pump:exception happened in pump!!
2024-02-01 10:34:25,986:Lib.Pump:Error reading pump!!!
2024-02-01 10:34:25,986:Lib.Pump:exception happened in pump!!
2024-02-01 10:34:31,067:Lib.Pump:Error reading pump!!!
2024-02-01 10:34:31,067:Lib.Pump:exception happened in pump!!
2024-02-01 10:34:48,751:Lib.Pump:Error reading pump!!!
2024-02-01 10:34:48,751:Lib.Pump:exception happened in pump!!
2024-02-01 10:34:58,479:Lib.Pump:Error reading pump!!!
2024-02-01 10:34:58,480:Lib.Pump:exception happened in pump!!
2024-02-01 10:35:04,587:Lib.Pump:Error reading pump!!!
2024-02-01 10:35:04,587:Lib.Pump:exception happened in pump!!
2024-02-01 10:35:10,694:Lib.Pump:Error reading pump!!!
2024-02-01 10:35:10,695:Lib.Pump:exception happened in pump!!
2024-02-01 10:35:16,802:Lib.Pump:Error reading pump!!!
2024-02-01 10:35:16,803:Lib.Pump:exception happened in pump!!
2024-02-01 10:35:22,911:Lib.Pump:Error reading pump!!!
2024-02-01 10:35:22,912:Lib.Pump:exception happened in pump!!
2024-02-01 10:35:29,018:Lib.Pump:Error reading pump!!!
2024-02-01 10:35:29,018:Lib.Pump:exception happened in pump!!
2024-02-01 10:35:35,125:Lib.Pump:Error reading pump!!!
2024-02-01 10:35:35,125:Lib.Pump:exception happened in pump!!
2024-02-01 10:35:41,234:Lib.Pump:Error reading pump!!!
2024-02-01 10:35:41,234:Lib.Pump:exception happened in pump!!
2024-02-01 10:35:47,342:Lib.Pump:Error reading pump!!!
2024-02-01 10:35:47,343:Lib.Pump:exception happened in pump!!
2024-02-01 10:36:26,829:Lib.Pump:Error reading pump!!!
2024-02-01 10:36:26,829:Lib.Pump:exception happened in pump!!
2024-02-01 12:15:38,025:Lib.Pump:Error reading pump!!!
2024-02-01 12:15:38,025:Lib.Pump:exception happened in pump!!
2024-02-01 12:15:41,527:Lib.Pump:Error reading pump!!!
2024-02-01 12:15:41,527:Lib.Pump:exception happened in pump!!
2024-02-01 12:15:45,028:Lib.Pump:Error reading pump!!!
2024-02-01 12:15:45,029:Lib.Pump:exception happened in pump!!
2024-02-01 12:15:50,113:Lib.Pump:Error reading pump!!!
2024-02-01 12:15:50,114:Lib.Pump:exception happened in pump!!
2024-02-01 12:16:05,880:Lib.Pump:Error reading pump!!!
2024-02-01 12:16:05,880:Lib.Pump:exception happened in pump!!
2024-02-01 12:16:09,382:Lib.Pump:Error reading pump!!!
2024-02-01 12:16:09,382:Lib.Pump:exception happened in pump!!
2024-02-01 12:16:12,885:Lib.Pump:Error reading pump!!!
2024-02-01 12:16:12,885:Lib.Pump:exception happened in pump!!
2024-02-01 12:37:06,080:Lib.Pump:Error reading pump!!!
2024-02-01 12:37:06,081:Lib.Pump:exception happened in pump!!
2024-02-01 12:37:09,583:Lib.Pump:Error reading pump!!!
2024-02-01 12:37:09,584:Lib.Pump:exception happened in pump!!
2024-02-01 12:37:13,086:Lib.Pump:Error reading pump!!!
2024-02-01 12:37:13,087:Lib.Pump:exception happened in pump!!
2024-02-01 12:37:18,182:Lib.Pump:Error reading pump!!!
2024-02-01 12:37:18,182:Lib.Pump:exception happened in pump!!
2024-02-01 12:37:33,900:Lib.Pump:Error reading pump!!!
2024-02-01 12:37:33,901:Lib.Pump:exception happened in pump!!
2024-02-01 12:37:37,403:Lib.Pump:Error reading pump!!!
2024-02-01 12:37:37,404:Lib.Pump:exception happened in pump!!
2024-02-01 12:37:40,907:Lib.Pump:Error reading pump!!!
2024-02-01 12:37:40,908:Lib.Pump:exception happened in pump!!
2024-02-01 12:37:46,005:Lib.Pump:Error reading pump!!!
2024-02-01 12:37:46,005:Lib.Pump:exception happened in pump!!
2024-02-01 12:38:23,660:Lib.Pump:Error reading pump!!!
2024-02-01 12:38:23,660:Lib.Pump:exception happened in pump!!
2024-02-01 12:38:27,161:Lib.Pump:Error reading pump!!!
2024-02-01 12:38:27,162:Lib.Pump:exception happened in pump!!
2024-02-01 12:38:30,665:Lib.Pump:Error reading pump!!!
2024-02-01 12:38:30,665:Lib.Pump:exception happened in pump!!
2024-02-01 12:38:35,748:Lib.Pump:Error reading pump!!!
2024-02-01 12:38:35,749:Lib.Pump:exception happened in pump!!
2024-02-01 12:38:57,974:Lib.Pump:Error reading pump!!!
2024-02-01 12:38:57,975:Lib.Pump:exception happened in pump!!
2024-02-01 12:39:07,636:Lib.Pump:Error reading pump!!!
2024-02-01 12:39:07,637:Lib.Pump:exception happened in pump!!
2024-02-01 12:39:13,743:Lib.Pump:Error reading pump!!!
2024-02-01 12:39:13,744:Lib.Pump:exception happened in pump!!
2024-02-01 12:39:19,852:Lib.Pump:Error reading pump!!!
2024-02-01 12:39:19,853:Lib.Pump:exception happened in pump!!
2024-02-01 12:39:25,960:Lib.Pump:Error reading pump!!!
2024-02-01 12:39:25,962:Lib.Pump:exception happened in pump!!
2024-02-01 12:39:32,067:Lib.Pump:Error reading pump!!!
2024-02-01 12:39:32,067:Lib.Pump:exception happened in pump!!
2024-02-01 12:39:38,177:Lib.Pump:Error reading pump!!!
2024-02-01 12:39:38,178:Lib.Pump:exception happened in pump!!
2024-02-01 12:39:44,284:Lib.Pump:Error reading pump!!!
2024-02-01 12:39:44,285:Lib.Pump:exception happened in pump!!
2024-02-01 12:39:50,392:Lib.Pump:Error reading pump!!!
2024-02-01 12:39:50,392:Lib.Pump:exception happened in pump!!
2024-02-01 12:39:56,499:Lib.Pump:Error reading pump!!!
2024-02-01 12:39:56,500:Lib.Pump:exception happened in pump!!
2024-02-01 12:40:35,965:Lib.Pump:Error reading pump!!!
2024-02-01 12:40:35,966:Lib.Pump:exception happened in pump!!
2024-02-01 13:06:05,671:Lib.Pump:Error reading pump!!!
2024-02-01 13:06:05,672:Lib.Pump:exception happened in pump!!
2024-02-01 13:06:09,174:Lib.Pump:Error reading pump!!!
2024-02-01 13:06:09,175:Lib.Pump:exception happened in pump!!
2024-02-01 13:06:12,676:Lib.Pump:Error reading pump!!!
2024-02-01 13:06:12,677:Lib.Pump:exception happened in pump!!
2024-02-01 13:06:17,759:Lib.Pump:Error reading pump!!!
2024-02-01 13:06:17,760:Lib.Pump:exception happened in pump!!
2024-02-01 13:12:26,683:Lib.Pump:Error reading pump!!!
2024-02-01 13:12:26,684:Lib.Pump:exception happened in pump!!
2024-02-01 13:12:30,188:Lib.Pump:Error reading pump!!!
2024-02-01 13:12:30,189:Lib.Pump:exception happened in pump!!
2024-02-01 13:12:33,690:Lib.Pump:Error reading pump!!!
2024-02-01 13:12:33,691:Lib.Pump:exception happened in pump!!
2024-02-01 13:12:38,790:Lib.Pump:Error reading pump!!!
2024-02-01 13:12:38,793:Lib.Pump:exception happened in pump!!
2024-02-01 13:13:35,824:Lib.Pump:Error reading pump!!!
2024-02-01 13:13:35,824:Lib.Pump:exception happened in pump!!
2024-02-01 13:13:39,326:Lib.Pump:Error reading pump!!!
2024-02-01 13:13:39,326:Lib.Pump:exception happened in pump!!
2024-02-01 13:13:42,828:Lib.Pump:Error reading pump!!!
2024-02-01 13:13:42,828:Lib.Pump:exception happened in pump!!
2024-02-01 13:13:47,912:Lib.Pump:Error reading pump!!!
2024-02-01 13:13:47,912:Lib.Pump:exception happened in pump!!
2024-02-01 13:33:04,253:Lib.Pump:Error reading pump!!!
2024-02-01 13:33:04,254:Lib.Pump:exception happened in pump!!
2024-02-01 13:33:07,755:Lib.Pump:Error reading pump!!!
2024-02-01 13:33:07,755:Lib.Pump:exception happened in pump!!
2024-02-01 13:33:11,257:Lib.Pump:Error reading pump!!!
2024-02-01 13:33:11,257:Lib.Pump:exception happened in pump!!
2024-02-01 13:33:16,342:Lib.Pump:Error reading pump!!!
2024-02-01 13:33:16,342:Lib.Pump:exception happened in pump!!
2024-02-01 13:33:32,108:Lib.Pump:Error reading pump!!!
2024-02-01 13:33:32,109:Lib.Pump:exception happened in pump!!
2024-02-01 13:33:35,610:Lib.Pump:Error reading pump!!!
2024-02-01 13:33:35,610:Lib.Pump:exception happened in pump!!
2024-02-01 13:33:39,112:Lib.Pump:Error reading pump!!!
2024-02-01 13:33:39,113:Lib.Pump:exception happened in pump!!
2024-02-01 13:33:44,195:Lib.Pump:Error reading pump!!!
2024-02-01 13:33:44,196:Lib.Pump:exception happened in pump!!
2024-02-01 14:16:56,468:Lib.Pump:Error reading pump!!!
2024-02-01 14:16:56,469:Lib.Pump:exception happened in pump!!
2024-02-01 14:16:59,970:Lib.Pump:Error reading pump!!!
2024-02-01 14:16:59,970:Lib.Pump:exception happened in pump!!
2024-02-01 14:17:03,473:Lib.Pump:Error reading pump!!!
2024-02-01 14:17:03,474:Lib.Pump:exception happened in pump!!
2024-02-01 14:18:39,393:Lib.Pump:Error reading pump!!!
2024-02-01 14:18:39,394:Lib.Pump:exception happened in pump!!
2024-02-01 14:18:42,897:Lib.Pump:Error reading pump!!!
2024-02-01 14:18:42,898:Lib.Pump:exception happened in pump!!
2024-02-01 14:18:46,401:Lib.Pump:Error reading pump!!!
2024-02-01 14:18:46,402:Lib.Pump:exception happened in pump!!
2024-02-01 14:20:52,858:Lib.Pump:Error reading pump!!!
2024-02-01 14:20:52,860:Lib.Pump:exception happened in pump!!
2024-02-01 14:20:56,362:Lib.Pump:Error reading pump!!!
2024-02-01 14:20:56,363:Lib.Pump:exception happened in pump!!
2024-02-01 14:20:59,866:Lib.Pump:Error reading pump!!!
2024-02-01 14:20:59,866:Lib.Pump:exception happened in pump!!
2024-02-01 14:29:48,687:Lib.Pump:Error reading pump!!!
2024-02-01 14:29:48,688:Lib.Pump:exception happened in pump!!
2024-02-01 14:29:52,188:Lib.Pump:Error reading pump!!!
2024-02-01 14:29:52,188:Lib.Pump:exception happened in pump!!
2024-02-01 14:29:55,690:Lib.Pump:Error reading pump!!!
2024-02-01 14:29:55,691:Lib.Pump:exception happened in pump!!
2024-02-01 14:30:45,932:Lib.Pump:Error reading pump!!!
2024-02-01 14:30:45,934:Lib.Pump:exception happened in pump!!
2024-02-01 14:30:49,437:Lib.Pump:Error reading pump!!!
2024-02-01 14:30:49,439:Lib.Pump:exception happened in pump!!
2024-02-01 14:30:52,941:Lib.Pump:Error reading pump!!!
2024-02-01 14:30:52,941:Lib.Pump:exception happened in pump!!
2024-02-01 14:46:43,358:Lib.Pump:Error reading pump!!!
2024-02-01 14:46:43,358:Lib.Pump:exception happened in pump!!
2024-02-01 14:46:46,860:Lib.Pump:Error reading pump!!!
2024-02-01 14:46:46,860:Lib.Pump:exception happened in pump!!
2024-02-01 14:46:50,362:Lib.Pump:Error reading pump!!!
2024-02-01 14:46:50,363:Lib.Pump:exception happened in pump!!
2024-02-01 14:49:14,349:Lib.Pump:Error reading pump!!!
2024-02-01 14:49:14,350:Lib.Pump:exception happened in pump!!
2024-02-01 14:49:17,852:Lib.Pump:Error reading pump!!!
2024-02-01 14:49:17,852:Lib.Pump:exception happened in pump!!
2024-02-01 14:49:21,355:Lib.Pump:Error reading pump!!!
2024-02-01 14:49:21,356:Lib.Pump:exception happened in pump!!
2024-02-01 14:54:43,412:Lib.Pump:Error reading pump!!!
2024-02-01 14:54:43,412:Lib.Pump:exception happened in pump!!
2024-02-01 14:54:46,913:Lib.Pump:Error reading pump!!!
2024-02-01 14:54:46,913:Lib.Pump:exception happened in pump!!
2024-02-01 14:54:50,414:Lib.Pump:Error reading pump!!!
2024-02-01 14:54:50,414:Lib.Pump:exception happened in pump!!
2024-02-01 14:55:26,938:Lib.Pump:Error reading pump!!!
2024-02-01 14:55:26,938:Lib.Pump:exception happened in pump!!
2024-02-01 14:55:30,441:Lib.Pump:Error reading pump!!!
2024-02-01 14:55:30,441:Lib.Pump:exception happened in pump!!
2024-02-01 14:55:33,943:Lib.Pump:Error reading pump!!!
2024-02-01 14:55:33,943:Lib.Pump:exception happened in pump!!
2024-02-01 15:00:15,829:Lib.Pump:Error reading pump!!!
2024-02-01 15:00:15,830:Lib.Pump:exception happened in pump!!
2024-02-01 15:00:19,332:Lib.Pump:Error reading pump!!!
2024-02-01 15:00:19,332:Lib.Pump:exception happened in pump!!
2024-02-01 15:00:22,834:Lib.Pump:Error reading pump!!!
2024-02-01 15:00:22,834:Lib.Pump:exception happened in pump!!
2024-02-01 15:08:28,461:Lib.Pump:Error reading pump!!!
2024-02-01 15:08:28,461:Lib.Pump:exception happened in pump!!
2024-02-01 15:08:31,963:Lib.Pump:Error reading pump!!!
2024-02-01 15:08:31,963:Lib.Pump:exception happened in pump!!
2024-02-01 15:08:35,464:Lib.Pump:Error reading pump!!!
2024-02-01 15:08:35,464:Lib.Pump:exception happened in pump!!
2024-02-01 15:18:32,931:Lib.Pump:Error reading pump!!!
2024-02-01 15:18:32,933:Lib.Pump:exception happened in pump!!
2024-02-01 15:18:36,435:Lib.Pump:Error reading pump!!!
2024-02-01 15:18:36,435:Lib.Pump:exception happened in pump!!
2024-02-01 15:18:39,937:Lib.Pump:Error reading pump!!!
2024-02-01 15:18:39,937:Lib.Pump:exception happened in pump!!
2024-02-01 15:26:51,544:Lib.Pump:Error reading pump!!!
2024-02-01 15:26:51,546:Lib.Pump:exception happened in pump!!
2024-02-01 15:26:55,048:Lib.Pump:Error reading pump!!!
2024-02-01 15:26:55,049:Lib.Pump:exception happened in pump!!
2024-02-01 15:26:58,552:Lib.Pump:Error reading pump!!!
2024-02-01 15:26:58,552:Lib.Pump:exception happened in pump!!
2024-02-01 15:29:49,287:Lib.Pump:Error reading pump!!!
2024-02-01 15:29:49,287:Lib.Pump:exception happened in pump!!
2024-02-01 15:29:52,790:Lib.Pump:Error reading pump!!!
2024-02-01 15:29:52,790:Lib.Pump:exception happened in pump!!
2024-02-01 15:29:56,292:Lib.Pump:Error reading pump!!!
2024-02-01 15:29:56,292:Lib.Pump:exception happened in pump!!
2024-02-01 15:31:19,240:Lib.Pump:Error reading pump!!!
2024-02-01 15:31:19,240:Lib.Pump:exception happened in pump!!
2024-02-01 15:31:22,742:Lib.Pump:Error reading pump!!!
2024-02-01 15:31:22,743:Lib.Pump:exception happened in pump!!
2024-02-01 15:31:26,249:Lib.Pump:Error reading pump!!!
2024-02-01 15:31:26,249:Lib.Pump:exception happened in pump!!
2024-02-01 15:41:13,223:Lib.Pump:Error reading pump!!!
2024-02-01 15:41:13,223:Lib.Pump:exception happened in pump!!
2024-02-01 15:41:16,725:Lib.Pump:Error reading pump!!!
2024-02-01 15:41:16,726:Lib.Pump:exception happened in pump!!
2024-02-01 15:41:20,228:Lib.Pump:Error reading pump!!!
2024-02-01 15:41:20,229:Lib.Pump:exception happened in pump!!
2024-02-01 15:47:28,015:Lib.Pump:Error reading pump!!!
2024-02-01 15:47:28,015:Lib.Pump:exception happened in pump!!
2024-02-01 15:47:31,518:Lib.Pump:Error reading pump!!!
2024-02-01 15:47:31,519:Lib.Pump:exception happened in pump!!
2024-02-01 15:47:35,021:Lib.Pump:Error reading pump!!!
2024-02-01 15:47:35,021:Lib.Pump:exception happened in pump!!
2024-02-02 08:05:12,779:Lib.Pump:Error reading pump!!!
2024-02-02 08:05:12,785:Lib.Pump:exception happened in pump!!
2024-02-02 08:05:16,295:Lib.Pump:Error reading pump!!!
2024-02-02 08:05:16,296:Lib.Pump:exception happened in pump!!
2024-02-02 08:05:19,798:Lib.Pump:Error reading pump!!!
2024-02-02 08:05:19,798:Lib.Pump:exception happened in pump!!
2024-02-02 08:10:31,752:Lib.Pump:Error reading pump!!!
2024-02-02 08:10:31,754:Lib.Pump:exception happened in pump!!
2024-02-02 08:10:35,255:Lib.Pump:Error reading pump!!!
2024-02-02 08:10:35,256:Lib.Pump:exception happened in pump!!
2024-02-02 08:10:38,758:Lib.Pump:Error reading pump!!!
2024-02-02 08:10:38,758:Lib.Pump:exception happened in pump!!
2024-02-02 08:14:42,686:Lib.Pump:Error reading pump!!!
2024-02-02 08:14:42,687:Lib.Pump:exception happened in pump!!
2024-02-02 08:14:46,190:Lib.Pump:Error reading pump!!!
2024-02-02 08:14:46,191:Lib.Pump:exception happened in pump!!
2024-02-02 08:14:49,694:Lib.Pump:Error reading pump!!!
2024-02-02 08:14:49,695:Lib.Pump:exception happened in pump!!
