2024-02-02 10:43:13,054:Lib.Pump:Error reading pump!!!
2024-02-02 10:43:13,054:Lib.Pump:exception happened in pump!!
2024-02-02 10:43:16,556:Lib.Pump:Error reading pump!!!
2024-02-02 10:43:16,557:Lib.Pump:exception happened in pump!!
2024-02-02 10:43:20,059:Lib.Pump:Error reading pump!!!
2024-02-02 10:43:20,060:Lib.Pump:exception happened in pump!!
2024-02-02 10:43:24,616:Lib.Pump:Error reading pump!!!
2024-02-02 10:43:24,617:Lib.Pump:exception happened in pump!!
2024-02-02 10:43:46,768:Lib.Pump:Error reading pump!!!
2024-02-02 10:43:46,769:Lib.Pump:exception happened in pump!!
2024-02-02 10:43:50,271:Lib.Pump:Error reading pump!!!
2024-02-02 10:43:50,271:Lib.Pump:exception happened in pump!!
2024-02-02 10:44:10,570:Lib.Pump:Error reading pump!!!
2024-02-02 10:44:10,570:Lib.Pump:exception happened in pump!!
2024-02-02 10:44:14,072:Lib.Pump:Error reading pump!!!
2024-02-02 10:44:14,073:Lib.Pump:exception happened in pump!!
2024-02-02 10:44:17,575:Lib.Pump:Error reading pump!!!
2024-02-02 10:44:17,576:Lib.Pump:exception happened in pump!!
2024-02-02 10:56:48,145:Lib.Pump:Error reading pump!!!
2024-02-02 10:56:48,145:Lib.Pump:exception happened in pump!!
2024-02-02 10:56:51,648:Lib.Pump:Error reading pump!!!
2024-02-02 10:56:51,648:Lib.Pump:exception happened in pump!!
2024-02-02 10:56:55,150:Lib.Pump:Error reading pump!!!
2024-02-02 10:56:55,150:Lib.Pump:exception happened in pump!!
2024-02-02 10:56:59,705:Lib.Pump:Error reading pump!!!
2024-02-02 10:56:59,706:Lib.Pump:exception happened in pump!!
2024-02-02 10:57:17,505:Lib.Pump:Error reading pump!!!
2024-02-02 10:57:17,505:Lib.Pump:exception happened in pump!!
2024-02-02 10:57:21,007:Lib.Pump:Error reading pump!!!
2024-02-02 10:57:21,007:Lib.Pump:exception happened in pump!!
2024-02-02 10:57:36,963:Lib.Pump:Error reading pump!!!
2024-02-02 10:57:36,963:Lib.Pump:exception happened in pump!!
2024-02-02 10:57:40,465:Lib.Pump:Error reading pump!!!
2024-02-02 10:57:40,465:Lib.Pump:exception happened in pump!!
2024-02-02 10:57:43,967:Lib.Pump:Error reading pump!!!
2024-02-02 10:57:43,967:Lib.Pump:exception happened in pump!!
2024-02-02 11:06:58,560:Lib.Pump:Error reading pump!!!
2024-02-02 11:06:58,561:Lib.Pump:exception happened in pump!!
2024-02-02 11:07:02,061:Lib.Pump:Error reading pump!!!
2024-02-02 11:07:02,062:Lib.Pump:exception happened in pump!!
2024-02-02 11:07:05,565:Lib.Pump:Error reading pump!!!
2024-02-02 11:07:05,565:Lib.Pump:exception happened in pump!!
2024-02-02 11:07:10,121:Lib.Pump:Error reading pump!!!
2024-02-02 11:07:10,122:Lib.Pump:exception happened in pump!!
2024-02-02 11:07:30,861:Lib.Pump:Error reading pump!!!
2024-02-02 11:07:30,862:Lib.Pump:exception happened in pump!!
2024-02-02 11:07:34,365:Lib.Pump:Error reading pump!!!
2024-02-02 11:07:34,365:Lib.Pump:exception happened in pump!!
2024-02-02 11:07:51,342:Lib.Pump:Error reading pump!!!
2024-02-02 11:07:51,343:Lib.Pump:exception happened in pump!!
2024-02-02 11:07:54,846:Lib.Pump:Error reading pump!!!
2024-02-02 11:07:54,848:Lib.Pump:exception happened in pump!!
2024-02-02 11:07:58,350:Lib.Pump:Error reading pump!!!
2024-02-02 11:07:58,352:Lib.Pump:exception happened in pump!!
ERROR:json file not valid: some statemachines are missing ...
ERROR:json file not valid: some statemachines are missing ...
ERROR:json file not valid: some statemachines are missing ...
ERROR:json file not valid: some statemachines are missing ...
ERROR:json file not valid: some statemachines are missing ...
ERROR:json file not valid: some statemachines are missing ...
ERROR:json file not valid: some statemachines are missing ...
2024-02-05 10:04:23,793:Lib.Pump:Error reading pump!!!
2024-02-05 10:04:23,793:Lib.Pump:exception happened in pump!!
ERROR:	can't select axis 1
ERROR:		error in set event on motion complete
2024-02-05 10:06:06,896:Lib.Pump:Error reading pump!!!
2024-02-05 10:06:06,896:Lib.Pump:exception happened in pump!!
ERROR:	can't select axis 1
ERROR:		error in set event on motion complete
2024-02-05 10:09:15,994:Lib.Pump:Error reading pump!!!
2024-02-05 10:09:15,995:Lib.Pump:exception happened in pump!!
ERROR:	can't select axis 1
ERROR:		error in set event on motion complete
2024-02-05 10:20:35,692:Lib.Pump:Error reading pump!!!
2024-02-05 10:20:35,693:Lib.Pump:exception happened in pump!!
ERROR:	can't select axis 1
ERROR:		error in set event on motion complete
2024-02-05 10:23:09,322:Lib.Pump:Error reading pump!!!
2024-02-05 10:23:09,322:Lib.Pump:exception happened in pump!!
ERROR:	can't select axis 1
ERROR:		error in set event on motion complete
2024-02-05 10:29:07,660:Lib.Pump:Error reading pump!!!
2024-02-05 10:29:07,662:Lib.Pump:exception happened in pump!!
ERROR:	can't select axis 1
ERROR:		error in set event on motion complete
2024-02-05 10:32:31,369:Lib.Pump:Error reading pump!!!
2024-02-05 10:32:31,370:Lib.Pump:exception happened in pump!!
2024-02-05 10:35:57,999:Lib.Pump:Error reading pump!!!
2024-02-05 10:35:58,000:Lib.Pump:exception happened in pump!!
2024-02-05 10:36:01,501:Lib.Pump:Error reading pump!!!
2024-02-05 10:36:01,501:Lib.Pump:exception happened in pump!!
2024-02-05 10:36:05,003:Lib.Pump:Error reading pump!!!
2024-02-05 10:36:05,003:Lib.Pump:exception happened in pump!!
2024-02-05 10:36:10,085:Lib.Pump:Error reading pump!!!
2024-02-05 10:36:10,086:Lib.Pump:exception happened in pump!!
2024-02-05 10:36:25,897:Lib.Pump:Error reading pump!!!
2024-02-05 10:36:25,897:Lib.Pump:exception happened in pump!!
2024-02-05 10:36:29,398:Lib.Pump:Error reading pump!!!
2024-02-05 10:36:29,398:Lib.Pump:exception happened in pump!!
2024-02-05 10:36:32,901:Lib.Pump:Error reading pump!!!
2024-02-05 10:36:32,902:Lib.Pump:exception happened in pump!!
2024-02-05 10:36:38,000:Lib.Pump:Error reading pump!!!
2024-02-05 10:36:38,001:Lib.Pump:exception happened in pump!!
2024-02-05 10:36:58,720:Lib.Pump:Error reading pump!!!
2024-02-05 10:36:58,720:Lib.Pump:exception happened in pump!!
2024-02-05 10:37:02,222:Lib.Pump:Error reading pump!!!
2024-02-05 10:37:02,222:Lib.Pump:exception happened in pump!!
2024-02-05 10:37:05,724:Lib.Pump:Error reading pump!!!
2024-02-05 10:37:05,725:Lib.Pump:exception happened in pump!!
2024-02-05 10:37:10,808:Lib.Pump:Error reading pump!!!
2024-02-05 10:37:10,809:Lib.Pump:exception happened in pump!!
2024-02-05 10:37:33,863:Lib.Pump:Error reading pump!!!
2024-02-05 10:37:33,864:Lib.Pump:exception happened in pump!!
2024-02-05 10:37:43,555:Lib.Pump:Error reading pump!!!
2024-02-05 10:37:43,556:Lib.Pump:exception happened in pump!!
2024-02-05 10:37:49,662:Lib.Pump:Error reading pump!!!
2024-02-05 10:37:49,662:Lib.Pump:exception happened in pump!!
2024-02-05 10:37:55,770:Lib.Pump:Error reading pump!!!
2024-02-05 10:37:55,771:Lib.Pump:exception happened in pump!!
2024-02-05 10:38:01,878:Lib.Pump:Error reading pump!!!
2024-02-05 10:38:01,878:Lib.Pump:exception happened in pump!!
2024-02-05 10:38:07,986:Lib.Pump:Error reading pump!!!
2024-02-05 10:38:07,986:Lib.Pump:exception happened in pump!!
2024-02-05 10:38:34,944:Lib.Pump:Error reading pump!!!
2024-02-05 10:38:34,945:Lib.Pump:exception happened in pump!!
2024-02-05 10:38:55,274:Lib.Pump:Error reading pump!!!
2024-02-05 10:38:55,275:Lib.Pump:exception happened in pump!!
2024-02-05 12:01:18,118:Lib.Pump:Error reading pump!!!
2024-02-05 12:01:18,119:Lib.Pump:exception happened in pump!!
2024-02-05 12:01:21,621:Lib.Pump:Error reading pump!!!
2024-02-05 12:01:21,622:Lib.Pump:exception happened in pump!!
2024-02-05 12:01:25,124:Lib.Pump:Error reading pump!!!
2024-02-05 12:01:25,125:Lib.Pump:exception happened in pump!!
2024-02-05 12:01:30,206:Lib.Pump:Error reading pump!!!
2024-02-05 12:01:30,207:Lib.Pump:exception happened in pump!!
2024-02-05 12:01:45,970:Lib.Pump:Error reading pump!!!
2024-02-05 12:01:45,970:Lib.Pump:exception happened in pump!!
2024-02-05 12:01:49,472:Lib.Pump:Error reading pump!!!
2024-02-05 12:01:49,472:Lib.Pump:exception happened in pump!!
2024-02-05 12:01:52,974:Lib.Pump:Error reading pump!!!
2024-02-05 12:01:52,974:Lib.Pump:exception happened in pump!!
2024-02-05 12:01:58,058:Lib.Pump:Error reading pump!!!
2024-02-05 12:01:58,058:Lib.Pump:exception happened in pump!!
2024-02-05 12:02:29,763:Lib.Pump:Error reading pump!!!
2024-02-05 12:02:29,764:Lib.Pump:exception happened in pump!!
2024-02-05 12:02:33,267:Lib.Pump:Error reading pump!!!
2024-02-05 12:02:33,267:Lib.Pump:exception happened in pump!!
2024-02-05 12:02:36,769:Lib.Pump:Error reading pump!!!
2024-02-05 12:02:36,769:Lib.Pump:exception happened in pump!!
2024-02-05 12:02:41,851:Lib.Pump:Error reading pump!!!
2024-02-05 12:02:41,852:Lib.Pump:exception happened in pump!!
2024-02-05 12:03:09,477:Lib.Pump:Error reading pump!!!
2024-02-05 12:03:09,478:Lib.Pump:exception happened in pump!!
2024-02-05 12:03:19,219:Lib.Pump:Error reading pump!!!
2024-02-05 12:03:19,220:Lib.Pump:exception happened in pump!!
2024-02-05 12:03:25,327:Lib.Pump:Error reading pump!!!
2024-02-05 12:03:25,327:Lib.Pump:exception happened in pump!!
2024-02-05 12:03:31,434:Lib.Pump:Error reading pump!!!
2024-02-05 12:03:31,434:Lib.Pump:exception happened in pump!!
2024-02-05 12:03:37,542:Lib.Pump:Error reading pump!!!
2024-02-05 12:03:37,543:Lib.Pump:exception happened in pump!!
2024-02-05 12:03:43,650:Lib.Pump:Error reading pump!!!
2024-02-05 12:03:43,650:Lib.Pump:exception happened in pump!!
2024-02-05 12:04:10,602:Lib.Pump:Error reading pump!!!
2024-02-05 12:04:10,602:Lib.Pump:exception happened in pump!!
2024-02-05 12:22:31,477:Lib.Pump:Error reading pump!!!
2024-02-05 12:22:31,479:Lib.Pump:exception happened in pump!!
2024-02-05 12:22:34,981:Lib.Pump:Error reading pump!!!
2024-02-05 12:22:34,981:Lib.Pump:exception happened in pump!!
2024-02-05 12:22:38,483:Lib.Pump:Error reading pump!!!
2024-02-05 12:22:38,484:Lib.Pump:exception happened in pump!!
2024-02-05 12:24:00,506:Lib.Pump:Error reading pump!!!
2024-02-05 12:24:00,506:Lib.Pump:exception happened in pump!!
2024-02-05 12:24:04,007:Lib.Pump:Error reading pump!!!
2024-02-05 12:24:04,007:Lib.Pump:exception happened in pump!!
2024-02-05 12:24:07,510:Lib.Pump:Error reading pump!!!
2024-02-05 12:24:07,510:Lib.Pump:exception happened in pump!!
2024-02-05 13:00:03,145:Lib.Pump:Error reading pump!!!
2024-02-05 13:00:03,146:Lib.Pump:exception happened in pump!!
2024-02-05 13:00:06,647:Lib.Pump:Error reading pump!!!
2024-02-05 13:00:06,648:Lib.Pump:exception happened in pump!!
2024-02-05 13:00:10,150:Lib.Pump:Error reading pump!!!
2024-02-05 13:00:10,151:Lib.Pump:exception happened in pump!!
2024-02-05 13:00:14,720:Lib.Pump:Error reading pump!!!
2024-02-05 13:00:14,721:Lib.Pump:exception happened in pump!!
2024-02-05 13:00:34,804:Lib.Pump:Error reading pump!!!
2024-02-05 13:00:34,804:Lib.Pump:exception happened in pump!!
2024-02-05 13:00:38,306:Lib.Pump:Error reading pump!!!
2024-02-05 13:00:38,306:Lib.Pump:exception happened in pump!!
2024-02-05 13:00:54,771:Lib.Pump:Error reading pump!!!
2024-02-05 13:00:54,771:Lib.Pump:exception happened in pump!!
2024-02-05 13:00:58,273:Lib.Pump:Error reading pump!!!
2024-02-05 13:00:58,273:Lib.Pump:exception happened in pump!!
2024-02-05 13:01:01,775:Lib.Pump:Error reading pump!!!
2024-02-05 13:01:01,775:Lib.Pump:exception happened in pump!!
2024-02-06 08:32:22,949:Lib.Pump:Error reading pump!!!
2024-02-06 08:32:22,955:Lib.Pump:exception happened in pump!!
2024-02-06 08:32:26,457:Lib.Pump:Error reading pump!!!
2024-02-06 08:32:26,457:Lib.Pump:exception happened in pump!!
2024-02-06 08:32:29,958:Lib.Pump:Error reading pump!!!
2024-02-06 08:32:29,958:Lib.Pump:exception happened in pump!!
2024-02-06 08:32:35,055:Lib.Pump:Error reading pump!!!
2024-02-06 08:32:35,055:Lib.Pump:exception happened in pump!!
2024-02-06 08:32:50,806:Lib.Pump:Error reading pump!!!
2024-02-06 08:32:50,807:Lib.Pump:exception happened in pump!!
2024-02-06 08:32:54,309:Lib.Pump:Error reading pump!!!
2024-02-06 08:32:54,309:Lib.Pump:exception happened in pump!!
2024-02-06 08:32:57,813:Lib.Pump:Error reading pump!!!
2024-02-06 08:32:57,814:Lib.Pump:exception happened in pump!!
2024-02-06 08:33:02,895:Lib.Pump:Error reading pump!!!
2024-02-06 08:33:02,896:Lib.Pump:exception happened in pump!!
2024-02-06 08:33:16,568:Lib.Pump:Error reading pump!!!
2024-02-06 08:33:16,568:Lib.Pump:exception happened in pump!!
2024-02-06 08:33:20,071:Lib.Pump:Error reading pump!!!
2024-02-06 08:33:20,071:Lib.Pump:exception happened in pump!!
2024-02-06 08:33:23,572:Lib.Pump:Error reading pump!!!
2024-02-06 08:33:23,572:Lib.Pump:exception happened in pump!!
2024-02-06 08:33:28,656:Lib.Pump:Error reading pump!!!
2024-02-06 08:33:28,656:Lib.Pump:exception happened in pump!!
2024-02-06 08:33:59,086:Lib.Pump:Error reading pump!!!
2024-02-06 08:33:59,086:Lib.Pump:exception happened in pump!!
2024-02-06 08:34:08,781:Lib.Pump:Error reading pump!!!
2024-02-06 08:34:08,781:Lib.Pump:exception happened in pump!!
2024-02-06 08:34:14,890:Lib.Pump:Error reading pump!!!
2024-02-06 08:34:14,891:Lib.Pump:exception happened in pump!!
2024-02-06 08:34:20,999:Lib.Pump:Error reading pump!!!
2024-02-06 08:34:20,999:Lib.Pump:exception happened in pump!!
2024-02-06 08:34:27,107:Lib.Pump:Error reading pump!!!
2024-02-06 08:34:27,108:Lib.Pump:exception happened in pump!!
2024-02-06 08:34:33,216:Lib.Pump:Error reading pump!!!
2024-02-06 08:34:33,217:Lib.Pump:exception happened in pump!!
2024-02-06 08:35:00,186:Lib.Pump:Error reading pump!!!
2024-02-06 08:35:00,186:Lib.Pump:exception happened in pump!!
2024-02-06 08:35:28,425:Lib.Pump:Error reading pump!!!
2024-02-06 08:35:28,425:Lib.Pump:exception happened in pump!!
2024-02-06 08:43:26,624:Lib.Pump:Error reading pump!!!
2024-02-06 08:43:26,625:Lib.Pump:exception happened in pump!!
2024-02-06 08:45:02,325:Lib.Pump:Error reading pump!!!
2024-02-06 08:45:02,325:Lib.Pump:exception happened in pump!!
2024-02-06 08:46:38,490:Lib.Pump:Error reading pump!!!
2024-02-06 08:46:38,490:Lib.Pump:exception happened in pump!!
2024-02-06 08:52:02,448:Lib.Pump:Error reading pump!!!
2024-02-06 08:52:02,449:Lib.Pump:exception happened in pump!!
2024-02-06 08:55:05,594:Lib.Pump:Error reading pump!!!
2024-02-06 08:55:05,594:Lib.Pump:exception happened in pump!!
2024-02-06 08:56:34,991:Lib.Pump:Error reading pump!!!
2024-02-06 08:56:34,992:Lib.Pump:exception happened in pump!!
2024-02-06 09:16:02,770:Lib.Pump:Error reading pump!!!
2024-02-06 09:16:02,770:Lib.Pump:exception happened in pump!!
2024-02-07 09:57:27,130:Lib.Pump:Error reading pump!!!
2024-02-07 09:57:27,136:Lib.Pump:exception happened in pump!!
2024-02-07 09:57:30,638:Lib.Pump:Error reading pump!!!
2024-02-07 09:57:30,639:Lib.Pump:exception happened in pump!!
2024-02-07 09:57:34,670:Lib.Pump:Error reading pump!!!
2024-02-07 09:57:34,671:Lib.Pump:exception happened in pump!!
2024-02-07 09:58:32,742:Lib.Pump:Error reading pump!!!
2024-02-07 09:58:32,743:Lib.Pump:exception happened in pump!!
2024-02-07 09:58:36,245:Lib.Pump:Error reading pump!!!
2024-02-07 09:58:36,245:Lib.Pump:exception happened in pump!!
2024-02-07 09:58:40,276:Lib.Pump:Error reading pump!!!
2024-02-07 09:58:40,277:Lib.Pump:exception happened in pump!!
2024-02-07 10:00:40,365:Lib.Pump:Error reading pump!!!
2024-02-07 10:00:40,365:Lib.Pump:exception happened in pump!!
2024-02-07 10:00:43,868:Lib.Pump:Error reading pump!!!
2024-02-07 10:00:43,868:Lib.Pump:exception happened in pump!!
2024-02-07 10:00:47,891:Lib.Pump:Error reading pump!!!
2024-02-07 10:00:47,891:Lib.Pump:exception happened in pump!!
2024-02-07 10:05:33,843:Lib.Pump:Error reading pump!!!
2024-02-07 10:05:33,843:Lib.Pump:exception happened in pump!!
2024-02-07 10:05:37,345:Lib.Pump:Error reading pump!!!
2024-02-07 10:05:37,345:Lib.Pump:exception happened in pump!!
2024-02-07 10:05:41,366:Lib.Pump:Error reading pump!!!
2024-02-07 10:05:41,366:Lib.Pump:exception happened in pump!!
2024-02-07 10:08:25,512:Lib.Pump:Error reading pump!!!
2024-02-07 10:08:25,514:Lib.Pump:exception happened in pump!!
2024-02-07 10:08:29,015:Lib.Pump:Error reading pump!!!
2024-02-07 10:08:29,015:Lib.Pump:exception happened in pump!!
2024-02-07 10:08:33,039:Lib.Pump:Error reading pump!!!
2024-02-07 10:08:33,039:Lib.Pump:exception happened in pump!!
2024-02-07 10:10:52,213:Lib.Pump:Error reading pump!!!
2024-02-07 10:10:52,213:Lib.Pump:exception happened in pump!!
2024-02-07 10:10:55,715:Lib.Pump:Error reading pump!!!
2024-02-07 10:10:55,715:Lib.Pump:exception happened in pump!!
2024-02-07 10:10:59,740:Lib.Pump:Error reading pump!!!
2024-02-07 10:10:59,740:Lib.Pump:exception happened in pump!!
ERROR:json file not valid: some statemachines are missing ...
2024-02-07 15:29:40,383:Lib.Pump:Error reading pump!!!
2024-02-07 15:29:40,385:Lib.Pump:exception happened in pump!!
2024-02-07 15:29:43,888:Lib.Pump:Error reading pump!!!
2024-02-07 15:29:43,888:Lib.Pump:exception happened in pump!!
2024-02-07 15:29:47,910:Lib.Pump:Error reading pump!!!
2024-02-07 15:29:47,910:Lib.Pump:exception happened in pump!!
2024-02-07 15:30:11,890:Lib.Pump:Error reading pump!!!
2024-02-07 15:30:11,890:Lib.Pump:exception happened in pump!!
2024-02-07 15:31:20,822:Lib.Pump:Error reading pump!!!
2024-02-07 15:31:20,823:Lib.Pump:exception happened in pump!!
2024-02-07 15:31:24,325:Lib.Pump:Error reading pump!!!
2024-02-07 15:31:24,326:Lib.Pump:exception happened in pump!!
2024-02-07 15:31:28,355:Lib.Pump:Error reading pump!!!
2024-02-07 15:31:28,355:Lib.Pump:exception happened in pump!!
2024-02-07 15:32:12,688:Lib.Pump:Error reading pump!!!
2024-02-07 15:32:12,689:Lib.Pump:exception happened in pump!!
2024-02-07 15:32:41,007:Lib.Pump:Error reading pump!!!
2024-02-07 15:32:41,007:Lib.Pump:exception happened in pump!!
2024-02-07 15:33:11,484:Lib.Pump:Error reading pump!!!
2024-02-07 15:33:11,485:Lib.Pump:exception happened in pump!!
2024-02-07 15:34:16,775:Lib.Pump:Error reading pump!!!
2024-02-07 15:34:16,775:Lib.Pump:exception happened in pump!!
2024-02-07 15:34:20,277:Lib.Pump:Error reading pump!!!
2024-02-07 15:34:20,277:Lib.Pump:exception happened in pump!!
2024-02-07 15:34:24,296:Lib.Pump:Error reading pump!!!
2024-02-07 15:34:24,297:Lib.Pump:exception happened in pump!!
2024-02-07 15:34:41,298:Lib.Pump:Error reading pump!!!
2024-02-07 15:34:41,298:Lib.Pump:exception happened in pump!!
2024-02-07 15:34:47,407:Lib.Pump:Error reading pump!!!
2024-02-07 15:34:47,407:Lib.Pump:exception happened in pump!!
2024-02-07 15:34:53,515:Lib.Pump:Error reading pump!!!
2024-02-07 15:34:53,516:Lib.Pump:exception happened in pump!!
2024-02-07 15:34:59,624:Lib.Pump:Error reading pump!!!
2024-02-07 15:34:59,625:Lib.Pump:exception happened in pump!!
2024-02-07 15:35:05,730:Lib.Pump:Error reading pump!!!
2024-02-07 15:35:05,731:Lib.Pump:exception happened in pump!!
2024-02-07 15:35:13,899:Lib.Pump:Error reading pump!!!
2024-02-07 15:35:13,899:Lib.Pump:exception happened in pump!!
2024-02-07 15:35:17,926:Lib.Pump:Error reading pump!!!
2024-02-07 15:35:17,926:Lib.Pump:exception happened in pump!!
2024-02-07 15:35:23,037:Lib.Pump:Error reading pump!!!
2024-02-07 15:35:23,037:Lib.Pump:exception happened in pump!!
ERROR:json file not valid: some statemachines are missing ...
